<!DOCTYPE html>

<html>
  <head>
  <meta charset='utf-8'>
  <title>TestNG reports</title>

    <link type="text/css" href="testng-reports.css" rel="stylesheet" />
    <script type="text/javascript" src="jquery-1.7.1.min.js"></script>
    <script type="text/javascript" src="testng-reports.js"></script>
    <script type="text/javascript" src="https://www.google.com/jsapi"></script>
    <script type='text/javascript'>
      google.load('visualization', '1', {packages:['table']});
      google.setOnLoadCallback(drawTable);
      var suiteTableInitFunctions = new Array();
      var suiteTableData = new Array();
    </script>
    <!--
      <script type="text/javascript" src="jquery-ui/js/jquery-ui-1.8.16.custom.min.js"></script>
     -->
  </head>

  <body>
    <div class="top-banner-root">
      <span class="top-banner-title-font">Test results</span>
      <br/>
      <span class="top-banner-font-1">1 suite, 3 failed tests</span>
    </div> <!-- top-banner-root -->
    <div class="navigator-root">
      <div class="navigator-suite-header">
        <span>All suites</span>
        <a href="#" class="collapse-all-link" title="Collapse/expand all the suites">
          <img class="collapse-all-icon" src="collapseall.gif">
          </img> <!-- collapse-all-icon -->
        </a> <!-- collapse-all-link -->
      </div> <!-- navigator-suite-header -->
      <div class="suite">
        <div class="rounded-window">
          <div class="suite-header light-rounded-window-top">
            <a href="#" class="navigator-link" panel-name="suite-FREE_CRM_Application_Test_Automation_Test_Suite">
              <span class="suite-name border-failed">FREE CRM Application Test Automation Test Suite</span>
            </a> <!-- navigator-link -->
          </div> <!-- suite-header light-rounded-window-top -->
          <div class="navigator-suite-content">
            <div class="suite-section-title">
              <span>Info</span>
            </div> <!-- suite-section-title -->
            <div class="suite-section-content">
              <ul>
                <li>
                  <a href="#" class="navigator-link " panel-name="test-xml-FREE_CRM_Application_Test_Automation_Test_Suite">
                    <span>C:\Users\Mudit\eclipse-workspace\FreeCRMTest\src\main\resources\testNg.xml</span>
                  </a> <!-- navigator-link  -->
                </li>
                <li>
                  <a href="#" class="navigator-link " panel-name="testlist-FREE_CRM_Application_Test_Automation_Test_Suite">
                    <span class="test-stats">1 test</span>
                  </a> <!-- navigator-link  -->
                </li>
                <li>
                  <a href="#" class="navigator-link " panel-name="group-FREE_CRM_Application_Test_Automation_Test_Suite">
                    <span>1 group</span>
                  </a> <!-- navigator-link  -->
                </li>
                <li>
                  <a href="#" class="navigator-link " panel-name="times-FREE_CRM_Application_Test_Automation_Test_Suite">
                    <span>Times</span>
                  </a> <!-- navigator-link  -->
                </li>
                <li>
                  <a href="#" class="navigator-link " panel-name="reporter-FREE_CRM_Application_Test_Automation_Test_Suite">
                    <span>Reporter output</span>
                  </a> <!-- navigator-link  -->
                </li>
                <li>
                  <a href="#" class="navigator-link " panel-name="ignored-methods-FREE_CRM_Application_Test_Automation_Test_Suite">
                    <span>Ignored methods</span>
                  </a> <!-- navigator-link  -->
                </li>
                <li>
                  <a href="#" class="navigator-link " panel-name="chronological-FREE_CRM_Application_Test_Automation_Test_Suite">
                    <span>Chronological view</span>
                  </a> <!-- navigator-link  -->
                </li>
              </ul>
            </div> <!-- suite-section-content -->
            <div class="result-section">
              <div class="suite-section-title">
                <span>Results</span>
              </div> <!-- suite-section-title -->
              <div class="suite-section-content">
                <ul>
                  <li>
                    <span class="method-stats">11 methods, 3 failed,   8 passed</span>
                  </li>
                  <li>
                    <span class="method-list-title failed">Failed methods</span>
                    <span class="show-or-hide-methods failed">
                      <a href="#" panel-name="suite-FREE_CRM_Application_Test_Automation_Test_Suite" class="hide-methods failed suite-FREE_CRM_Application_Test_Automation_Test_Suite"> (hide)</a> <!-- hide-methods failed suite-FREE_CRM_Application_Test_Automation_Test_Suite -->
                      <a href="#" panel-name="suite-FREE_CRM_Application_Test_Automation_Test_Suite" class="show-methods failed suite-FREE_CRM_Application_Test_Automation_Test_Suite"> (show)</a> <!-- show-methods failed suite-FREE_CRM_Application_Test_Automation_Test_Suite -->
                    </span>
                    <div class="method-list-content failed suite-FREE_CRM_Application_Test_Automation_Test_Suite">
                      <span>
                        <img width="3%" src="failed.png"/>
                        <a href="#" class="method navigator-link" panel-name="suite-FREE_CRM_Application_Test_Automation_Test_Suite" title="com.crm.qa.testcases.CallsPageTest" hash-for-method="clickOnCallsTest">clickOnCallsTest</a> <!-- method navigator-link -->
                      </span>
                      <br/>
                      <span>
                        <img width="3%" src="failed.png"/>
                        <a href="#" class="method navigator-link" panel-name="suite-FREE_CRM_Application_Test_Automation_Test_Suite" title="com.crm.qa.testcases.CompaignsPageTest" hash-for-method="clickOnCompaignsTest">clickOnCompaignsTest</a> <!-- method navigator-link -->
                      </span>
                      <br/>
                      <span>
                        <img width="3%" src="failed.png"/>
                        <a href="#" class="method navigator-link" panel-name="suite-FREE_CRM_Application_Test_Automation_Test_Suite" title="com.crm.qa.testcases.EmailsPageTest" hash-for-method="clickOnEmailTest">clickOnEmailTest</a> <!-- method navigator-link -->
                      </span>
                      <br/>
                    </div> <!-- method-list-content failed suite-FREE_CRM_Application_Test_Automation_Test_Suite -->
                  </li>
                  <li>
                    <span class="method-list-title passed">Passed methods</span>
                    <span class="show-or-hide-methods passed">
                      <a href="#" panel-name="suite-FREE_CRM_Application_Test_Automation_Test_Suite" class="hide-methods passed suite-FREE_CRM_Application_Test_Automation_Test_Suite"> (hide)</a> <!-- hide-methods passed suite-FREE_CRM_Application_Test_Automation_Test_Suite -->
                      <a href="#" panel-name="suite-FREE_CRM_Application_Test_Automation_Test_Suite" class="show-methods passed suite-FREE_CRM_Application_Test_Automation_Test_Suite"> (show)</a> <!-- show-methods passed suite-FREE_CRM_Application_Test_Automation_Test_Suite -->
                    </span>
                    <div class="method-list-content passed suite-FREE_CRM_Application_Test_Automation_Test_Suite">
                      <span>
                        <img width="3%" src="passed.png"/>
                        <a href="#" class="method navigator-link" panel-name="suite-FREE_CRM_Application_Test_Automation_Test_Suite" title="com.crm.qa.testcases.CalendarPageTest" hash-for-method="clickOnCalendarTest">clickOnCalendarTest</a> <!-- method navigator-link -->
                      </span>
                      <br/>
                      <span>
                        <img width="3%" src="passed.png"/>
                        <a href="#" class="method navigator-link" panel-name="suite-FREE_CRM_Application_Test_Automation_Test_Suite" title="com.crm.qa.testcases.CasesPageTest" hash-for-method="clickOnCasesTest">clickOnCasesTest</a> <!-- method navigator-link -->
                      </span>
                      <br/>
                      <span>
                        <img width="3%" src="passed.png"/>
                        <a href="#" class="method navigator-link" panel-name="suite-FREE_CRM_Application_Test_Automation_Test_Suite" title="com.crm.qa.testcases.CompaniesPageTest" hash-for-method="clickOnCompaniesTest">clickOnCompaniesTest</a> <!-- method navigator-link -->
                      </span>
                      <br/>
                      <span>
                        <img width="3%" src="passed.png"/>
                        <a href="#" class="method navigator-link" panel-name="suite-FREE_CRM_Application_Test_Automation_Test_Suite" title="com.crm.qa.testcases.DocumentsPageTest" hash-for-method="clickOnDocumentsTest">clickOnDocumentsTest</a> <!-- method navigator-link -->
                      </span>
                      <br/>
                      <span>
                        <img width="3%" src="passed.png"/>
                        <a href="#" class="method navigator-link" panel-name="suite-FREE_CRM_Application_Test_Automation_Test_Suite" title="com.crm.qa.testcases.FormsPageTest" hash-for-method="clickOnFormsTest">clickOnFormsTest</a> <!-- method navigator-link -->
                      </span>
                      <br/>
                      <span>
                        <img width="3%" src="passed.png"/>
                        <a href="#" class="method navigator-link" panel-name="suite-FREE_CRM_Application_Test_Automation_Test_Suite" title="com.crm.qa.testcases.TasksPageTest" hash-for-method="clickOnTasksTest">clickOnTasksTest</a> <!-- method navigator-link -->
                      </span>
                      <br/>
                      <span>
                        <img width="3%" src="passed.png"/>
                        <a href="#" class="method navigator-link" panel-name="suite-FREE_CRM_Application_Test_Automation_Test_Suite" title="com.crm.qa.testcases.ContactsPageTest" hash-for-method="verifyClickOnContactsLabel">verifyClickOnContactsLabel</a> <!-- method navigator-link -->
                      </span>
                      <br/>
                      <span>
                        <img width="3%" src="passed.png"/>
                        <a href="#" class="method navigator-link" panel-name="suite-FREE_CRM_Application_Test_Automation_Test_Suite" title="com.crm.qa.testcases.DealsPageTest" hash-for-method="verifyClickOnDealsTest">verifyClickOnDealsTest</a> <!-- method navigator-link -->
                      </span>
                      <br/>
                    </div> <!-- method-list-content passed suite-FREE_CRM_Application_Test_Automation_Test_Suite -->
                  </li>
                </ul>
              </div> <!-- suite-section-content -->
            </div> <!-- result-section -->
          </div> <!-- navigator-suite-content -->
        </div> <!-- rounded-window -->
      </div> <!-- suite -->
    </div> <!-- navigator-root -->
    <div class="wrapper">
      <div class="main-panel-root">
        <div panel-name="suite-FREE_CRM_Application_Test_Automation_Test_Suite" class="panel FREE_CRM_Application_Test_Automation_Test_Suite">
          <div class="suite-FREE_CRM_Application_Test_Automation_Test_Suite-class-failed">
            <div class="main-panel-header rounded-window-top">
              <img src="failed.png"/>
              <span class="class-name">com.crm.qa.testcases.EmailsPageTest</span>
            </div> <!-- main-panel-header rounded-window-top -->
            <div class="main-panel-content rounded-window-bottom">
              <div class="method">
                <div class="method-content">
                  <a name="clickOnEmailTest">
                  </a> <!-- clickOnEmailTest -->
                  <span class="method-name">clickOnEmailTest</span>
                  <div class="stack-trace">org.openqa.selenium.NoSuchElementException: no such element: Unable to locate element: {&quot;method&quot;:&quot;xpath&quot;,&quot;selector&quot;:&quot;/email&quot;}
  (Session info: chrome=77.0.3865.90)
  (Driver info: chromedriver=70.0.3538.16 (16ed95b41bb05e565b11fb66ac33c660b721f778),platform=Windows NT 10.0.17763 x86_64) (WARNING: The server did not provide any stacktrace information)
Command duration or timeout: 0 milliseconds
For documentation on this error, please visit: https://www.seleniumhq.org/exceptions/no_such_element.html
Build info: version: &apos;3.141.59&apos;, revision: &apos;e82be7d358&apos;, time: &apos;2018-11-14T08:17:03&apos;
System info: host: &apos;DESKTOP-OFC8VFN&apos;, ip: &apos;192.168.137.1&apos;, os.name: &apos;Windows 10&apos;, os.arch: &apos;amd64&apos;, os.version: &apos;10.0&apos;, java.version: &apos;1.8.0_201&apos;
Driver info: org.openqa.selenium.chrome.ChromeDriver
Capabilities {acceptInsecureCerts: false, acceptSslCerts: false, applicationCacheEnabled: false, browserConnectionEnabled: false, browserName: chrome, chrome: {chromedriverVersion: 70.0.3538.16 (16ed95b41bb05..., userDataDir: C:\Users\Mudit\AppData\Loca...}, cssSelectorsEnabled: true, databaseEnabled: false, goog:chromeOptions: {debuggerAddress: localhost:11377}, handlesAlerts: true, hasTouchScreen: false, javascriptEnabled: true, locationContextEnabled: true, mobileEmulationEnabled: false, nativeEvents: true, networkConnectionEnabled: false, pageLoadStrategy: normal, platform: XP, platformName: XP, rotatable: false, setWindowRect: true, takesHeapSnapshot: true, takesScreenshot: true, unexpectedAlertBehaviour: , unhandledPromptBehavior: , version: 77.0.3865.90, webStorageEnabled: true}
Session ID: 24a6b253fc481976bb9d4ff6fb4d2987
*** Element info: {Using=xpath, value=/email}
	at org.openqa.selenium.remote.ErrorHandler.createThrowable(ErrorHandler.java:214)
	at org.openqa.selenium.remote.ErrorHandler.throwIfResponseFailed(ErrorHandler.java:166)
	at org.openqa.selenium.remote.http.JsonHttpResponseCodec.reconstructValue(JsonHttpResponseCodec.java:40)
	at org.openqa.selenium.remote.http.AbstractHttpResponseCodec.decode(AbstractHttpResponseCodec.java:80)
	at org.openqa.selenium.remote.http.AbstractHttpResponseCodec.decode(AbstractHttpResponseCodec.java:44)
	at org.openqa.selenium.remote.HttpCommandExecutor.execute(HttpCommandExecutor.java:158)
	at org.openqa.selenium.remote.service.DriverCommandExecutor.execute(DriverCommandExecutor.java:83)
	at org.openqa.selenium.remote.RemoteWebDriver.execute(RemoteWebDriver.java:552)
	at org.openqa.selenium.remote.RemoteWebDriver.findElement(RemoteWebDriver.java:323)
	at org.openqa.selenium.remote.RemoteWebDriver.findElementByXPath(RemoteWebDriver.java:428)
	at org.openqa.selenium.By$ByXPath.findElement(By.java:353)
	at org.openqa.selenium.remote.RemoteWebDriver.findElement(RemoteWebDriver.java:315)
	at org.openqa.selenium.support.events.EventFiringWebDriver.lambda$new$1(EventFiringWebDriver.java:105)
	at com.sun.proxy.$Proxy9.findElement(Unknown Source)
	at org.openqa.selenium.support.events.EventFiringWebDriver.findElement(EventFiringWebDriver.java:194)
	at org.openqa.selenium.support.pagefactory.DefaultElementLocator.findElement(DefaultElementLocator.java:69)
	at org.openqa.selenium.support.pagefactory.internal.LocatingElementHandler.invoke(LocatingElementHandler.java:38)
	at com.sun.proxy.$Proxy13.click(Unknown Source)
	at com.crm.qa.pages.HomePage.clickOnEmail(HomePage.java:103)
	at com.crm.qa.testcases.EmailsPageTest.clickOnEmailTest(EmailsPageTest.java:35)
... Removed 32 stack frames
</div> <!-- stack-trace -->
                </div> <!-- method-content -->
              </div> <!-- method -->
            </div> <!-- main-panel-content rounded-window-bottom -->
          </div> <!-- suite-FREE_CRM_Application_Test_Automation_Test_Suite-class-failed -->
          <div class="suite-FREE_CRM_Application_Test_Automation_Test_Suite-class-failed">
            <div class="main-panel-header rounded-window-top">
              <img src="failed.png"/>
              <span class="class-name">com.crm.qa.testcases.CompaignsPageTest</span>
            </div> <!-- main-panel-header rounded-window-top -->
            <div class="main-panel-content rounded-window-bottom">
              <div class="method">
                <div class="method-content">
                  <a name="clickOnCompaignsTest">
                  </a> <!-- clickOnCompaignsTest -->
                  <span class="method-name">clickOnCompaignsTest</span>
                  <div class="stack-trace">org.openqa.selenium.NoSuchElementException: no such element: Unable to locate element: {&quot;method&quot;:&quot;xpath&quot;,&quot;selector&quot;:&quot;//a[@href=&apos;/compaigns&apos;]&quot;}
  (Session info: chrome=77.0.3865.90)
  (Driver info: chromedriver=70.0.3538.16 (16ed95b41bb05e565b11fb66ac33c660b721f778),platform=Windows NT 10.0.17763 x86_64) (WARNING: The server did not provide any stacktrace information)
Command duration or timeout: 0 milliseconds
For documentation on this error, please visit: https://www.seleniumhq.org/exceptions/no_such_element.html
Build info: version: &apos;3.141.59&apos;, revision: &apos;e82be7d358&apos;, time: &apos;2018-11-14T08:17:03&apos;
System info: host: &apos;DESKTOP-OFC8VFN&apos;, ip: &apos;192.168.137.1&apos;, os.name: &apos;Windows 10&apos;, os.arch: &apos;amd64&apos;, os.version: &apos;10.0&apos;, java.version: &apos;1.8.0_201&apos;
Driver info: org.openqa.selenium.chrome.ChromeDriver
Capabilities {acceptInsecureCerts: false, acceptSslCerts: false, applicationCacheEnabled: false, browserConnectionEnabled: false, browserName: chrome, chrome: {chromedriverVersion: 70.0.3538.16 (16ed95b41bb05..., userDataDir: C:\Users\Mudit\AppData\Loca...}, cssSelectorsEnabled: true, databaseEnabled: false, goog:chromeOptions: {debuggerAddress: localhost:11141}, handlesAlerts: true, hasTouchScreen: false, javascriptEnabled: true, locationContextEnabled: true, mobileEmulationEnabled: false, nativeEvents: true, networkConnectionEnabled: false, pageLoadStrategy: normal, platform: XP, platformName: XP, rotatable: false, setWindowRect: true, takesHeapSnapshot: true, takesScreenshot: true, unexpectedAlertBehaviour: , unhandledPromptBehavior: , version: 77.0.3865.90, webStorageEnabled: true}
Session ID: d258f132c43aad5b4739cbc97d8ba4f8
*** Element info: {Using=xpath, value=//a[@href=&apos;/compaigns&apos;]}
	at org.openqa.selenium.remote.ErrorHandler.createThrowable(ErrorHandler.java:214)
	at org.openqa.selenium.remote.ErrorHandler.throwIfResponseFailed(ErrorHandler.java:166)
	at org.openqa.selenium.remote.http.JsonHttpResponseCodec.reconstructValue(JsonHttpResponseCodec.java:40)
	at org.openqa.selenium.remote.http.AbstractHttpResponseCodec.decode(AbstractHttpResponseCodec.java:80)
	at org.openqa.selenium.remote.http.AbstractHttpResponseCodec.decode(AbstractHttpResponseCodec.java:44)
	at org.openqa.selenium.remote.HttpCommandExecutor.execute(HttpCommandExecutor.java:158)
	at org.openqa.selenium.remote.service.DriverCommandExecutor.execute(DriverCommandExecutor.java:83)
	at org.openqa.selenium.remote.RemoteWebDriver.execute(RemoteWebDriver.java:552)
	at org.openqa.selenium.remote.RemoteWebDriver.findElement(RemoteWebDriver.java:323)
	at org.openqa.selenium.remote.RemoteWebDriver.findElementByXPath(RemoteWebDriver.java:428)
	at org.openqa.selenium.By$ByXPath.findElement(By.java:353)
	at org.openqa.selenium.remote.RemoteWebDriver.findElement(RemoteWebDriver.java:315)
	at org.openqa.selenium.support.events.EventFiringWebDriver.lambda$new$1(EventFiringWebDriver.java:105)
	at com.sun.proxy.$Proxy9.findElement(Unknown Source)
	at org.openqa.selenium.support.events.EventFiringWebDriver.findElement(EventFiringWebDriver.java:194)
	at org.openqa.selenium.support.pagefactory.DefaultElementLocator.findElement(DefaultElementLocator.java:69)
	at org.openqa.selenium.support.pagefactory.internal.LocatingElementHandler.invoke(LocatingElementHandler.java:38)
	at com.sun.proxy.$Proxy13.click(Unknown Source)
	at com.crm.qa.pages.HomePage.clickOnCompaigns(HomePage.java:109)
	at com.crm.qa.testcases.CompaignsPageTest.clickOnCompaignsTest(CompaignsPageTest.java:31)
... Removed 32 stack frames
</div> <!-- stack-trace -->
                </div> <!-- method-content -->
              </div> <!-- method -->
            </div> <!-- main-panel-content rounded-window-bottom -->
          </div> <!-- suite-FREE_CRM_Application_Test_Automation_Test_Suite-class-failed -->
          <div class="suite-FREE_CRM_Application_Test_Automation_Test_Suite-class-failed">
            <div class="main-panel-header rounded-window-top">
              <img src="failed.png"/>
              <span class="class-name">com.crm.qa.testcases.CallsPageTest</span>
            </div> <!-- main-panel-header rounded-window-top -->
            <div class="main-panel-content rounded-window-bottom">
              <div class="method">
                <div class="method-content">
                  <a name="clickOnCallsTest">
                  </a> <!-- clickOnCallsTest -->
                  <span class="method-name">clickOnCallsTest</span>
                  <div class="stack-trace">java.lang.NullPointerException
	at com.crm.qa.testcases.CallsPageTest.clickOnCallsTest(CallsPageTest.java:34)
... Removed 25 stack frames
</div> <!-- stack-trace -->
                </div> <!-- method-content -->
              </div> <!-- method -->
            </div> <!-- main-panel-content rounded-window-bottom -->
          </div> <!-- suite-FREE_CRM_Application_Test_Automation_Test_Suite-class-failed -->
          <div class="suite-FREE_CRM_Application_Test_Automation_Test_Suite-class-passed">
            <div class="main-panel-header rounded-window-top">
              <img src="passed.png"/>
              <span class="class-name">com.crm.qa.testcases.CompaniesPageTest</span>
            </div> <!-- main-panel-header rounded-window-top -->
            <div class="main-panel-content rounded-window-bottom">
              <div class="method">
                <div class="method-content">
                  <a name="clickOnCompaniesTest">
                  </a> <!-- clickOnCompaniesTest -->
                  <span class="method-name">clickOnCompaniesTest</span>
                </div> <!-- method-content -->
              </div> <!-- method -->
            </div> <!-- main-panel-content rounded-window-bottom -->
          </div> <!-- suite-FREE_CRM_Application_Test_Automation_Test_Suite-class-passed -->
          <div class="suite-FREE_CRM_Application_Test_Automation_Test_Suite-class-passed">
            <div class="main-panel-header rounded-window-top">
              <img src="passed.png"/>
              <span class="class-name">com.crm.qa.testcases.DocumentsPageTest</span>
            </div> <!-- main-panel-header rounded-window-top -->
            <div class="main-panel-content rounded-window-bottom">
              <div class="method">
                <div class="method-content">
                  <a name="clickOnDocumentsTest">
                  </a> <!-- clickOnDocumentsTest -->
                  <span class="method-name">clickOnDocumentsTest</span>
                </div> <!-- method-content -->
              </div> <!-- method -->
            </div> <!-- main-panel-content rounded-window-bottom -->
          </div> <!-- suite-FREE_CRM_Application_Test_Automation_Test_Suite-class-passed -->
          <div class="suite-FREE_CRM_Application_Test_Automation_Test_Suite-class-passed">
            <div class="main-panel-header rounded-window-top">
              <img src="passed.png"/>
              <span class="class-name">com.crm.qa.testcases.FormsPageTest</span>
            </div> <!-- main-panel-header rounded-window-top -->
            <div class="main-panel-content rounded-window-bottom">
              <div class="method">
                <div class="method-content">
                  <a name="clickOnFormsTest">
                  </a> <!-- clickOnFormsTest -->
                  <span class="method-name">clickOnFormsTest</span>
                </div> <!-- method-content -->
              </div> <!-- method -->
            </div> <!-- main-panel-content rounded-window-bottom -->
          </div> <!-- suite-FREE_CRM_Application_Test_Automation_Test_Suite-class-passed -->
          <div class="suite-FREE_CRM_Application_Test_Automation_Test_Suite-class-passed">
            <div class="main-panel-header rounded-window-top">
              <img src="passed.png"/>
              <span class="class-name">com.crm.qa.testcases.CasesPageTest</span>
            </div> <!-- main-panel-header rounded-window-top -->
            <div class="main-panel-content rounded-window-bottom">
              <div class="method">
                <div class="method-content">
                  <a name="clickOnCasesTest">
                  </a> <!-- clickOnCasesTest -->
                  <span class="method-name">clickOnCasesTest</span>
                </div> <!-- method-content -->
              </div> <!-- method -->
            </div> <!-- main-panel-content rounded-window-bottom -->
          </div> <!-- suite-FREE_CRM_Application_Test_Automation_Test_Suite-class-passed -->
          <div class="suite-FREE_CRM_Application_Test_Automation_Test_Suite-class-passed">
            <div class="main-panel-header rounded-window-top">
              <img src="passed.png"/>
              <span class="class-name">com.crm.qa.testcases.CalendarPageTest</span>
            </div> <!-- main-panel-header rounded-window-top -->
            <div class="main-panel-content rounded-window-bottom">
              <div class="method">
                <div class="method-content">
                  <a name="clickOnCalendarTest">
                  </a> <!-- clickOnCalendarTest -->
                  <span class="method-name">clickOnCalendarTest</span>
                </div> <!-- method-content -->
              </div> <!-- method -->
            </div> <!-- main-panel-content rounded-window-bottom -->
          </div> <!-- suite-FREE_CRM_Application_Test_Automation_Test_Suite-class-passed -->
          <div class="suite-FREE_CRM_Application_Test_Automation_Test_Suite-class-passed">
            <div class="main-panel-header rounded-window-top">
              <img src="passed.png"/>
              <span class="class-name">com.crm.qa.testcases.ContactsPageTest</span>
            </div> <!-- main-panel-header rounded-window-top -->
            <div class="main-panel-content rounded-window-bottom">
              <div class="method">
                <div class="method-content">
                  <a name="verifyClickOnContactsLabel">
                  </a> <!-- verifyClickOnContactsLabel -->
                  <span class="method-name">verifyClickOnContactsLabel</span>
                </div> <!-- method-content -->
              </div> <!-- method -->
            </div> <!-- main-panel-content rounded-window-bottom -->
          </div> <!-- suite-FREE_CRM_Application_Test_Automation_Test_Suite-class-passed -->
          <div class="suite-FREE_CRM_Application_Test_Automation_Test_Suite-class-passed">
            <div class="main-panel-header rounded-window-top">
              <img src="passed.png"/>
              <span class="class-name">com.crm.qa.testcases.TasksPageTest</span>
            </div> <!-- main-panel-header rounded-window-top -->
            <div class="main-panel-content rounded-window-bottom">
              <div class="method">
                <div class="method-content">
                  <a name="clickOnTasksTest">
                  </a> <!-- clickOnTasksTest -->
                  <span class="method-name">clickOnTasksTest</span>
                </div> <!-- method-content -->
              </div> <!-- method -->
            </div> <!-- main-panel-content rounded-window-bottom -->
          </div> <!-- suite-FREE_CRM_Application_Test_Automation_Test_Suite-class-passed -->
          <div class="suite-FREE_CRM_Application_Test_Automation_Test_Suite-class-passed">
            <div class="main-panel-header rounded-window-top">
              <img src="passed.png"/>
              <span class="class-name">com.crm.qa.testcases.DealsPageTest</span>
            </div> <!-- main-panel-header rounded-window-top -->
            <div class="main-panel-content rounded-window-bottom">
              <div class="method">
                <div class="method-content">
                  <a name="verifyClickOnDealsTest">
                  </a> <!-- verifyClickOnDealsTest -->
                  <span class="method-name">verifyClickOnDealsTest</span>
                </div> <!-- method-content -->
              </div> <!-- method -->
            </div> <!-- main-panel-content rounded-window-bottom -->
          </div> <!-- suite-FREE_CRM_Application_Test_Automation_Test_Suite-class-passed -->
        </div> <!-- panel FREE_CRM_Application_Test_Automation_Test_Suite -->
        <div panel-name="test-xml-FREE_CRM_Application_Test_Automation_Test_Suite" class="panel">
          <div class="main-panel-header rounded-window-top">
            <span class="header-content">C:\Users\Mudit\eclipse-workspace\FreeCRMTest\src\main\resources\testNg.xml</span>
          </div> <!-- main-panel-header rounded-window-top -->
          <div class="main-panel-content rounded-window-bottom">
            <pre>
&lt;?xml version=&quot;1.0&quot; encoding=&quot;UTF-8&quot;?&gt;
&lt;!DOCTYPE suite SYSTEM &quot;http://testng.org/testng-1.0.dtd&quot;&gt;
&lt;suite guice-stage=&quot;DEVELOPMENT&quot; name=&quot;FREE CRM Application Test Automation Test Suite&quot;&gt;
  &lt;listeners&gt;
    &lt;listener class-name=&quot;com.qa.crm.extentreportlistener.ExtentReportListener&quot;/&gt;
  &lt;/listeners&gt;
  &lt;test thread-count=&quot;5&quot; name=&quot;Free CRM App Test Cases&quot;&gt;
    &lt;groups&gt;
      &lt;run&gt;
        &lt;include name=&quot;SmokeTests&quot;/&gt;
      &lt;/run&gt;
    &lt;/groups&gt;
    &lt;classes&gt;
      &lt;class name=&quot;com.crm.qa.testcases.DealsPageTest&quot;/&gt;
      &lt;class name=&quot;com.crm.qa.testcases.LoginPageTest&quot;/&gt;
      &lt;class name=&quot;com.crm.qa.testcases.HomePageTest&quot;/&gt;
      &lt;class name=&quot;com.crm.qa.testcases.ContactsPageTest&quot;/&gt;
      &lt;class name=&quot;com.crm.qa.testcases.TasksPageTest&quot;/&gt;
      &lt;class name=&quot;com.crm.qa.testcases.CalendarPageTest&quot;/&gt;
      &lt;class name=&quot;com.crm.qa.testcases.CompaniesPageTest&quot;/&gt;
      &lt;class name=&quot;com.crm.qa.testcases.CompaignsPageTest&quot;/&gt;
      &lt;class name=&quot;com.crm.qa.testcases.CasesPageTest&quot;/&gt;
      &lt;class name=&quot;com.crm.qa.testcases.CallsPageTest&quot;/&gt;
      &lt;class name=&quot;com.crm.qa.testcases.DocumentsPageTest&quot;/&gt;
      &lt;class name=&quot;com.crm.qa.testcases.EmailsPageTest&quot;/&gt;
      &lt;class name=&quot;com.crm.qa.testcases.FormsPageTest&quot;/&gt;
    &lt;/classes&gt;
  &lt;/test&gt; &lt;!-- Free CRM App Test Cases --&gt;
&lt;/suite&gt; &lt;!-- FREE CRM Application Test Automation Test Suite --&gt;
            </pre>
          </div> <!-- main-panel-content rounded-window-bottom -->
        </div> <!-- panel -->
        <div panel-name="testlist-FREE_CRM_Application_Test_Automation_Test_Suite" class="panel">
          <div class="main-panel-header rounded-window-top">
            <span class="header-content">Tests for FREE CRM Application Test Automation Test Suite</span>
          </div> <!-- main-panel-header rounded-window-top -->
          <div class="main-panel-content rounded-window-bottom">
            <ul>
              <li>
                <span class="test-name">Free CRM App Test Cases (13 classes)</span>
              </li>
            </ul>
          </div> <!-- main-panel-content rounded-window-bottom -->
        </div> <!-- panel -->
        <div panel-name="group-FREE_CRM_Application_Test_Automation_Test_Suite" class="panel">
          <div class="main-panel-header rounded-window-top">
            <span class="header-content">Groups for FREE CRM Application Test Automation Test Suite</span>
          </div> <!-- main-panel-header rounded-window-top -->
          <div class="main-panel-content rounded-window-bottom">
            <div class="test-group">
              <span class="test-group-name">SmokeTests</span>
              <br/>
              <div class="method-in-group">
                <span class="method-in-group-name">clickOnCalendarTest</span>
                <br/>
              </div> <!-- method-in-group -->
              <div class="method-in-group">
                <span class="method-in-group-name">clickOnCallsTest</span>
                <br/>
              </div> <!-- method-in-group -->
              <div class="method-in-group">
                <span class="method-in-group-name">clickOnCasesTest</span>
                <br/>
              </div> <!-- method-in-group -->
              <div class="method-in-group">
                <span class="method-in-group-name">clickOnCompaignsTest</span>
                <br/>
              </div> <!-- method-in-group -->
              <div class="method-in-group">
                <span class="method-in-group-name">clickOnCompaniesTest</span>
                <br/>
              </div> <!-- method-in-group -->
              <div class="method-in-group">
                <span class="method-in-group-name">clickOnDocumentsTest</span>
                <br/>
              </div> <!-- method-in-group -->
              <div class="method-in-group">
                <span class="method-in-group-name">clickOnEmailTest</span>
                <br/>
              </div> <!-- method-in-group -->
              <div class="method-in-group">
                <span class="method-in-group-name">clickOnFormsTest</span>
                <br/>
              </div> <!-- method-in-group -->
              <div class="method-in-group">
                <span class="method-in-group-name">clickOnTasksTest</span>
                <br/>
              </div> <!-- method-in-group -->
              <div class="method-in-group">
                <span class="method-in-group-name">verifyClickOnContactsLabel</span>
                <br/>
              </div> <!-- method-in-group -->
              <div class="method-in-group">
                <span class="method-in-group-name">verifyClickOnDealsTest</span>
                <br/>
              </div> <!-- method-in-group -->
            </div> <!-- test-group -->
          </div> <!-- main-panel-content rounded-window-bottom -->
        </div> <!-- panel -->
        <div panel-name="times-FREE_CRM_Application_Test_Automation_Test_Suite" class="panel">
          <div class="main-panel-header rounded-window-top">
            <span class="header-content">Times for FREE CRM Application Test Automation Test Suite</span>
          </div> <!-- main-panel-header rounded-window-top -->
          <div class="main-panel-content rounded-window-bottom">
            <div class="times-div">
              <script type="text/javascript">
suiteTableInitFunctions.push('tableData_FREE_CRM_Application_Test_Automation_Test_Suite');
function tableData_FREE_CRM_Application_Test_Automation_Test_Suite() {
var data = new google.visualization.DataTable();
data.addColumn('number', 'Number');
data.addColumn('string', 'Method');
data.addColumn('string', 'Class');
data.addColumn('number', 'Time (ms)');
data.addRows(11);
data.setCell(0, 0, 0)
data.setCell(0, 1, 'clickOnCompaignsTest')
data.setCell(0, 2, 'com.crm.qa.testcases.CompaignsPageTest')
data.setCell(0, 3, 10511);
data.setCell(1, 0, 1)
data.setCell(1, 1, 'clickOnEmailTest')
data.setCell(1, 2, 'com.crm.qa.testcases.EmailsPageTest')
data.setCell(1, 3, 10413);
data.setCell(2, 0, 2)
data.setCell(2, 1, 'verifyClickOnDealsTest')
data.setCell(2, 2, 'com.crm.qa.testcases.DealsPageTest')
data.setCell(2, 3, 4549);
data.setCell(3, 0, 3)
data.setCell(3, 1, 'clickOnCompaniesTest')
data.setCell(3, 2, 'com.crm.qa.testcases.CompaniesPageTest')
data.setCell(3, 3, 3880);
data.setCell(4, 0, 4)
data.setCell(4, 1, 'clickOnTasksTest')
data.setCell(4, 2, 'com.crm.qa.testcases.TasksPageTest')
data.setCell(4, 3, 3497);
data.setCell(5, 0, 5)
data.setCell(5, 1, 'clickOnFormsTest')
data.setCell(5, 2, 'com.crm.qa.testcases.FormsPageTest')
data.setCell(5, 3, 3409);
data.setCell(6, 0, 6)
data.setCell(6, 1, 'verifyClickOnContactsLabel')
data.setCell(6, 2, 'com.crm.qa.testcases.ContactsPageTest')
data.setCell(6, 3, 3339);
data.setCell(7, 0, 7)
data.setCell(7, 1, 'clickOnCasesTest')
data.setCell(7, 2, 'com.crm.qa.testcases.CasesPageTest')
data.setCell(7, 3, 3267);
data.setCell(8, 0, 8)
data.setCell(8, 1, 'clickOnDocumentsTest')
data.setCell(8, 2, 'com.crm.qa.testcases.DocumentsPageTest')
data.setCell(8, 3, 3086);
data.setCell(9, 0, 9)
data.setCell(9, 1, 'clickOnCalendarTest')
data.setCell(9, 2, 'com.crm.qa.testcases.CalendarPageTest')
data.setCell(9, 3, 3011);
data.setCell(10, 0, 10)
data.setCell(10, 1, 'clickOnCallsTest')
data.setCell(10, 2, 'com.crm.qa.testcases.CallsPageTest')
data.setCell(10, 3, 0);
window.suiteTableData['FREE_CRM_Application_Test_Automation_Test_Suite']= { tableData: data, tableDiv: 'times-div-FREE_CRM_Application_Test_Automation_Test_Suite'}
return data;
}
              </script>
              <span class="suite-total-time">Total running time: 48 seconds</span>
              <div id="times-div-FREE_CRM_Application_Test_Automation_Test_Suite">
              </div> <!-- times-div-FREE_CRM_Application_Test_Automation_Test_Suite -->
            </div> <!-- times-div -->
          </div> <!-- main-panel-content rounded-window-bottom -->
        </div> <!-- panel -->
        <div panel-name="reporter-FREE_CRM_Application_Test_Automation_Test_Suite" class="panel">
          <div class="main-panel-header rounded-window-top">
            <span class="header-content">Reporter output for FREE CRM Application Test Automation Test Suite</span>
          </div> <!-- main-panel-header rounded-window-top -->
          <div class="main-panel-content rounded-window-bottom">
          </div> <!-- main-panel-content rounded-window-bottom -->
        </div> <!-- panel -->
        <div panel-name="ignored-methods-FREE_CRM_Application_Test_Automation_Test_Suite" class="panel">
          <div class="main-panel-header rounded-window-top">
            <span class="header-content">9 ignored methods</span>
          </div> <!-- main-panel-header rounded-window-top -->
          <div class="main-panel-content rounded-window-bottom">
            <div class="ignored-class-div">
              <span class="ignored-class-name">com.crm.qa.testcases.LoginPageTest</span>
              <div class="ignored-methods-div">
                <span class="ignored-method-name">loginTest</span>
                <br/>
                <span class="ignored-method-name">validateTitleTest</span>
                <br/>
                <span class="ignored-method-name">verifySignUpClick</span>
                <br/>
              </div> <!-- ignored-methods-div -->
            </div> <!-- ignored-class-div -->
            <div class="ignored-class-div">
              <span class="ignored-class-name">com.crm.qa.testcases.ContactsPageTest</span>
              <div class="ignored-methods-div">
                <span class="ignored-method-name">verifyClickOnNewContact</span>
                <br/>
                <span class="ignored-method-name">validateCreateNewContact</span>
                <br/>
              </div> <!-- ignored-methods-div -->
            </div> <!-- ignored-class-div -->
            <div class="ignored-class-div">
              <span class="ignored-class-name">com.crm.qa.testcases.HomePageTest</span>
              <div class="ignored-methods-div">
                <span class="ignored-method-name">clickOnDeleteIconAndCheckEachCatRecordsTest</span>
                <br/>
                <span class="ignored-method-name">verifyUserNameTest</span>
                <br/>
                <span class="ignored-method-name">clickOnContactsLinkTest</span>
                <br/>
                <span class="ignored-method-name">verifyHomePageTitleTest</span>
                <br/>
              </div> <!-- ignored-methods-div -->
            </div> <!-- ignored-class-div -->
          </div> <!-- main-panel-content rounded-window-bottom -->
        </div> <!-- panel -->
        <div panel-name="chronological-FREE_CRM_Application_Test_Automation_Test_Suite" class="panel">
          <div class="main-panel-header rounded-window-top">
            <span class="header-content">Methods in chronological order</span>
          </div> <!-- main-panel-header rounded-window-top -->
          <div class="main-panel-content rounded-window-bottom">
            <div class="chronological-class">
              <div class="chronological-class-name">com.crm.qa.testcases.CallsPageTest</div> <!-- chronological-class-name -->
              <div class="configuration-test before">
                <span class="method-name">setUp</span>
                <span class="method-start">0 ms</span>
              </div> <!-- configuration-test before -->
            </div> <!-- chronological-class -->
            <div class="chronological-class">
              <div class="chronological-class-name">com.crm.qa.testcases.DealsPageTest</div> <!-- chronological-class-name -->
              <div class="configuration-method before">
                <span class="method-name">setUp</span>
                <span class="method-start">19593 ms</span>
              </div> <!-- configuration-method before -->
              <div class="test-method">
                <span class="method-name">verifyClickOnDealsTest</span>
                <span class="method-start">38596 ms</span>
              </div> <!-- test-method -->
              <div class="configuration-method after">
                <span class="method-name">tearDown</span>
                <span class="method-start">43149 ms</span>
              </div> <!-- configuration-method after -->
            </div> <!-- chronological-class -->
            <div class="chronological-class">
              <div class="chronological-class-name">com.crm.qa.testcases.ContactsPageTest</div> <!-- chronological-class-name -->
              <div class="configuration-method before">
                <span class="method-name">setup</span>
                <span class="method-start">44755 ms</span>
              </div> <!-- configuration-method before -->
              <div class="test-method">
                <span class="method-name">verifyClickOnContactsLabel</span>
                <span class="method-start">63897 ms</span>
              </div> <!-- test-method -->
              <div class="configuration-method after">
                <span class="method-name">tearDown</span>
                <span class="method-start">67240 ms</span>
              </div> <!-- configuration-method after -->
            </div> <!-- chronological-class -->
            <div class="chronological-class">
              <div class="chronological-class-name">com.crm.qa.testcases.TasksPageTest</div> <!-- chronological-class-name -->
              <div class="configuration-method before">
                <span class="method-name">setup</span>
                <span class="method-start">68142 ms</span>
              </div> <!-- configuration-method before -->
              <div class="test-method">
                <span class="method-name">clickOnTasksTest</span>
                <span class="method-start">89531 ms</span>
              </div> <!-- test-method -->
              <div class="configuration-method after">
                <span class="method-name">tearDown</span>
                <span class="method-start">93031 ms</span>
              </div> <!-- configuration-method after -->
            </div> <!-- chronological-class -->
            <div class="chronological-class">
              <div class="chronological-class-name">com.crm.qa.testcases.CalendarPageTest</div> <!-- chronological-class-name -->
              <div class="configuration-method before">
                <span class="method-name">setUp</span>
                <span class="method-start">94026 ms</span>
              </div> <!-- configuration-method before -->
              <div class="test-method">
                <span class="method-name">clickOnCalendarTest</span>
                <span class="method-start">112553 ms</span>
              </div> <!-- test-method -->
              <div class="configuration-method after">
                <span class="method-name">tearDown</span>
                <span class="method-start">115566 ms</span>
              </div> <!-- configuration-method after -->
            </div> <!-- chronological-class -->
            <div class="chronological-class">
              <div class="chronological-class-name">com.crm.qa.testcases.CompaniesPageTest</div> <!-- chronological-class-name -->
              <div class="configuration-method before">
                <span class="method-name">setUp</span>
                <span class="method-start">116490 ms</span>
              </div> <!-- configuration-method before -->
              <div class="test-method">
                <span class="method-name">clickOnCompaniesTest</span>
                <span class="method-start">137044 ms</span>
              </div> <!-- test-method -->
              <div class="configuration-method after">
                <span class="method-name">tearDown</span>
                <span class="method-start">140926 ms</span>
              </div> <!-- configuration-method after -->
            </div> <!-- chronological-class -->
            <div class="chronological-class">
              <div class="chronological-class-name">com.crm.qa.testcases.CompaignsPageTest</div> <!-- chronological-class-name -->
              <div class="configuration-method before">
                <span class="method-name">setUp</span>
                <span class="method-start">141863 ms</span>
              </div> <!-- configuration-method before -->
              <div class="test-method">
                <img src="failed.png">
                </img>
                <span class="method-name">clickOnCompaignsTest</span>
                <span class="method-start">163207 ms</span>
              </div> <!-- test-method -->
              <div class="configuration-method after">
                <span class="method-name">tearDown</span>
                <span class="method-start">173723 ms</span>
              </div> <!-- configuration-method after -->
            </div> <!-- chronological-class -->
            <div class="chronological-class">
              <div class="chronological-class-name">com.crm.qa.testcases.CasesPageTest</div> <!-- chronological-class-name -->
              <div class="configuration-method before">
                <span class="method-name">setUp</span>
                <span class="method-start">174560 ms</span>
              </div> <!-- configuration-method before -->
              <div class="test-method">
                <span class="method-name">clickOnCasesTest</span>
                <span class="method-start">193536 ms</span>
              </div> <!-- test-method -->
              <div class="configuration-method after">
                <span class="method-name">tearDown</span>
                <span class="method-start">196805 ms</span>
              </div> <!-- configuration-method after -->
            </div> <!-- chronological-class -->
            <div class="chronological-class">
              <div class="chronological-class-name">com.crm.qa.testcases.CallsPageTest</div> <!-- chronological-class-name -->
              <div class="test-method">
                <img src="failed.png">
                </img>
                <span class="method-name">clickOnCallsTest</span>
                <span class="method-start">197674 ms</span>
              </div> <!-- test-method -->
              <div class="configuration-method after">
                <span class="method-name">tearDown</span>
                <span class="method-start">197674 ms</span>
              </div> <!-- configuration-method after -->
            </div> <!-- chronological-class -->
            <div class="chronological-class">
              <div class="chronological-class-name">com.crm.qa.testcases.DocumentsPageTest</div> <!-- chronological-class-name -->
              <div class="configuration-method before">
                <span class="method-name">setUp</span>
                <span class="method-start">197674 ms</span>
              </div> <!-- configuration-method before -->
              <div class="test-method">
                <span class="method-name">clickOnDocumentsTest</span>
                <span class="method-start">215553 ms</span>
              </div> <!-- test-method -->
              <div class="configuration-method after">
                <span class="method-name">tearDown</span>
                <span class="method-start">218641 ms</span>
              </div> <!-- configuration-method after -->
            </div> <!-- chronological-class -->
            <div class="chronological-class">
              <div class="chronological-class-name">com.crm.qa.testcases.EmailsPageTest</div> <!-- chronological-class-name -->
              <div class="configuration-method before">
                <span class="method-name">setUp</span>
                <span class="method-start">219507 ms</span>
              </div> <!-- configuration-method before -->
              <div class="test-method">
                <img src="failed.png">
                </img>
                <span class="method-name">clickOnEmailTest</span>
                <span class="method-start">241890 ms</span>
              </div> <!-- test-method -->
              <div class="configuration-method after">
                <span class="method-name">tearDown</span>
                <span class="method-start">252319 ms</span>
              </div> <!-- configuration-method after -->
            </div> <!-- chronological-class -->
            <div class="chronological-class">
              <div class="chronological-class-name">com.crm.qa.testcases.FormsPageTest</div> <!-- chronological-class-name -->
              <div class="configuration-method before">
                <span class="method-name">setUp</span>
                <span class="method-start">253155 ms</span>
              </div> <!-- configuration-method before -->
              <div class="test-method">
                <span class="method-name">clickOnFormsTest</span>
                <span class="method-start">275157 ms</span>
              </div> <!-- test-method -->
              <div class="configuration-method after">
                <span class="method-name">tearDown</span>
                <span class="method-start">278567 ms</span>
              </div> <!-- configuration-method after -->
          </div> <!-- main-panel-content rounded-window-bottom -->
        </div> <!-- panel -->
      </div> <!-- main-panel-root -->
    </div> <!-- wrapper -->
  </body>
</html>
